<?xml version="1.0" encoding="UTF-8"?>
<testsuite xmlns:xsi="http://www.w3.org/2001/XMLSchema-instance" xsi:noNamespaceSchemaLocation="https://maven.apache.org/surefire/maven-surefire-plugin/xsd/surefire-test-report-3.0.xsd" version="3.0" name="com.myname.sportsbook.risk.service.RiskEngineServiceTest" time="6.586" tests="3" errors="0" skipped="0" failures="0">
  <properties>
[...]
</properties>
  <testcase name="evaluate_acceptWithLimitWhenStakeExceedsMaxPerBet" classname="com.myname.sportsbook.risk.service.RiskEngineServiceTest" time="0.209">
    <system-out><![CDATA[&amp#27;[2m2026-02-22T02:25:37.575+01:00&amp#27;[0;39m &amp#27;[32m INFO&amp#27;[0;39m &amp#27;[35m55840&amp#27;[0;39m &amp#27;[2m---&amp#27;[0;39m &amp#27;[2m[sportsbook-risk-settlement] [           main]&amp#27;[0;39m &amp#27;[2m&amp#27;[0;39m&amp#27;[36mt.c.s.AnnotationConfigContextLoaderUtils&amp#27;[0;39m &amp#27;[2m:&amp#27;[0;39m Could not detect default configuration classes for test class [com.myname.sportsbook.risk.service.RiskEngineServiceTest]: RiskEngineServiceTest does not declare any static, non-private, non-final, nested classes annotated with @Configuration.
&amp#27;[2m2026-02-22T02:25:37.594+01:00&amp#27;[0;39m &amp#27;[32m INFO&amp#27;[0;39m &amp#27;[35m55840&amp#27;[0;39m &amp#27;[2m---&amp#27;[0;39m &amp#27;[2m[sportsbook-risk-settlement] [           main]&amp#27;[0;39m &amp#27;[2m&amp#27;[0;39m&amp#27;[36m.b.t.c.SpringBootTestContextBootstrapper&amp#27;[0;39m &amp#27;[2m:&amp#27;[0;39m Found @SpringBootConfiguration com.myname.sportsbook.SportsbookApplication for test class com.myname.sportsbook.risk.service.RiskEngineServiceTest
&amp#27;[2m2026-02-22T02:25:37.599+01:00&amp#27;[0;39m &amp#27;[32m INFO&amp#27;[0;39m &amp#27;[35m55840&amp#27;[0;39m &amp#27;[2m---&amp#27;[0;39m &amp#27;[2m[sportsbook-risk-settlement] [           main]&amp#27;[0;39m &amp#27;[2m&amp#27;[0;39m&amp#27;[36mtc.postgres:16-alpine                   &amp#27;[0;39m &amp#27;[2m:&amp#27;[0;39m Creating container for image: postgres:16-alpine
&amp#27;[2m2026-02-22T02:25:37.628+01:00&amp#27;[0;39m &amp#27;[32m INFO&amp#27;[0;39m &amp#27;[35m55840&amp#27;[0;39m &amp#27;[2m---&amp#27;[0;39m &amp#27;[2m[sportsbook-risk-settlement] [           main]&amp#27;[0;39m &amp#27;[2m&amp#27;[0;39m&amp#27;[36mtc.postgres:16-alpine                   &amp#27;[0;39m &amp#27;[2m:&amp#27;[0;39m Container postgres:16-alpine is starting: 9cbe4ccb7cb76429a3677ab3cc2af1503266238c69b0a3105d0e4051c360f68c
&amp#27;[2m2026-02-22T02:25:38.463+01:00&amp#27;[0;39m &amp#27;[32m INFO&amp#27;[0;39m &amp#27;[35m55840&amp#27;[0;39m &amp#27;[2m---&amp#27;[0;39m &amp#27;[2m[sportsbook-risk-settlement] [           main]&amp#27;[0;39m &amp#27;[2m&amp#27;[0;39m&amp#27;[36mtc.postgres:16-alpine                   &amp#27;[0;39m &amp#27;[2m:&amp#27;[0;39m Container postgres:16-alpine started in PT0.863463S
&amp#27;[2m2026-02-22T02:25:38.463+01:00&amp#27;[0;39m &amp#27;[32m INFO&amp#27;[0;39m &amp#27;[35m55840&amp#27;[0;39m &amp#27;[2m---&amp#27;[0;39m &amp#27;[2m[sportsbook-risk-settlement] [           main]&amp#27;[0;39m &amp#27;[2m&amp#27;[0;39m&amp#27;[36mtc.postgres:16-alpine                   &amp#27;[0;39m &amp#27;[2m:&amp#27;[0;39m Container is started (JDBC URL: jdbc:postgresql://localhost:59429/sportsbook?loggerLevel=OFF)

  .   ____          _            __ _ _
 /\\ / ___'_ __ _ _(_)_ __  __ _ \ \ \ \
( ( )\___ | '_ | '_| | '_ \/ _` | \ \ \ \
 \\/  ___)| |_)| | | | | || (_| |  ) ) ) )
  '  |____| .__|_| |_|_| |_\__, | / / / /
 =========|_|==============|___/=/_/_/_/
&amp#27;[32m :: Spring Boot :: &amp#27;[39m              &amp#27;[2m (v3.2.5)&amp#27;[0;39m

&amp#27;[2m2026-02-22T02:25:38.599+01:00&amp#27;[0;39m &amp#27;[32m INFO&amp#27;[0;39m &amp#27;[35m55840&amp#27;[0;39m &amp#27;[2m---&amp#27;[0;39m &amp#27;[2m[sportsbook-risk-settlement] [           main]&amp#27;[0;39m &amp#27;[2m&amp#27;[0;39m&amp#27;[36mc.m.s.r.service.RiskEngineServiceTest   &amp#27;[0;39m &amp#27;[2m:&amp#27;[0;39m Starting RiskEngineServiceTest using Java 24.0.1 with PID 55840 (started by shotaroishii in /Users/shotaroishii/Documents/GitHub/Sportsbook-Risk-And-Settlement-Platform)
&amp#27;[2m2026-02-22T02:25:38.600+01:00&amp#27;[0;39m &amp#27;[32m INFO&amp#27;[0;39m &amp#27;[35m55840&amp#27;[0;39m &amp#27;[2m---&amp#27;[0;39m &amp#27;[2m[sportsbook-risk-settlement] [           main]&amp#27;[0;39m &amp#27;[2m&amp#27;[0;39m&amp#27;[36mc.m.s.r.service.RiskEngineServiceTest   &amp#27;[0;39m &amp#27;[2m:&amp#27;[0;39m The following 1 profile is active: "test"
&amp#27;[2m2026-02-22T02:25:39.647+01:00&amp#27;[0;39m &amp#27;[32m INFO&amp#27;[0;39m &amp#27;[35m55840&amp#27;[0;39m &amp#27;[2m---&amp#27;[0;39m &amp#27;[2m[sportsbook-risk-settlement] [           main]&amp#27;[0;39m &amp#27;[2m&amp#27;[0;39m&amp#27;[36m.s.d.r.c.RepositoryConfigurationDelegate&amp#27;[0;39m &amp#27;[2m:&amp#27;[0;39m Bootstrapping Spring Data JPA repositories in DEFAULT mode.
&amp#27;[2m2026-02-22T02:25:39.767+01:00&amp#27;[0;39m &amp#27;[32m INFO&amp#27;[0;39m &amp#27;[35m55840&amp#27;[0;39m &amp#27;[2m---&amp#27;[0;39m &amp#27;[2m[sportsbook-risk-settlement] [           main]&amp#27;[0;39m &amp#27;[2m&amp#27;[0;39m&amp#27;[36m.s.d.r.c.RepositoryConfigurationDelegate&amp#27;[0;39m &amp#27;[2m:&amp#27;[0;39m Finished Spring Data repository scanning in 109 ms. Found 8 JPA repository interfaces.
&amp#27;[2m2026-02-22T02:25:40.332+01:00&amp#27;[0;39m &amp#27;[32m INFO&amp#27;[0;39m &amp#27;[35m55840&amp#27;[0;39m &amp#27;[2m---&amp#27;[0;39m &amp#27;[2m[sportsbook-risk-settlement] [           main]&amp#27;[0;39m &amp#27;[2m&amp#27;[0;39m&amp#27;[36mo.s.b.w.embedded.tomcat.TomcatWebServer &amp#27;[0;39m &amp#27;[2m:&amp#27;[0;39m Tomcat initialized with port 0 (http)
&amp#27;[2m2026-02-22T02:25:40.338+01:00&amp#27;[0;39m &amp#27;[32m INFO&amp#27;[0;39m &amp#27;[35m55840&amp#27;[0;39m &amp#27;[2m---&amp#27;[0;39m &amp#27;[2m[sportsbook-risk-settlement] [           main]&amp#27;[0;39m &amp#27;[2m&amp#27;[0;39m&amp#27;[36mo.apache.catalina.core.StandardService  &amp#27;[0;39m &amp#27;[2m:&amp#27;[0;39m Starting service [Tomcat]
&amp#27;[2m2026-02-22T02:25:40.341+01:00&amp#27;[0;39m &amp#27;[32m INFO&amp#27;[0;39m &amp#27;[35m55840&amp#27;[0;39m &amp#27;[2m---&amp#27;[0;39m &amp#27;[2m[sportsbook-risk-settlement] [           main]&amp#27;[0;39m &amp#27;[2m&amp#27;[0;39m&amp#27;[36mo.apache.catalina.core.StandardEngine   &amp#27;[0;39m &amp#27;[2m:&amp#27;[0;39m Starting Servlet engine: [Apache Tomcat/10.1.20]
&amp#27;[2m2026-02-22T02:25:40.395+01:00&amp#27;[0;39m &amp#27;[32m INFO&amp#27;[0;39m &amp#27;[35m55840&amp#27;[0;39m &amp#27;[2m---&amp#27;[0;39m &amp#27;[2m[sportsbook-risk-settlement] [           main]&amp#27;[0;39m &amp#27;[2m&amp#27;[0;39m&amp#27;[36mo.a.c.c.C.[Tomcat-1].[localhost].[/]    &amp#27;[0;39m &amp#27;[2m:&amp#27;[0;39m Initializing Spring embedded WebApplicationContext
&amp#27;[2m2026-02-22T02:25:40.395+01:00&amp#27;[0;39m &amp#27;[32m INFO&amp#27;[0;39m &amp#27;[35m55840&amp#27;[0;39m &amp#27;[2m---&amp#27;[0;39m &amp#27;[2m[sportsbook-risk-settlement] [           main]&amp#27;[0;39m &amp#27;[2m&amp#27;[0;39m&amp#27;[36mw.s.c.ServletWebServerApplicationContext&amp#27;[0;39m &amp#27;[2m:&amp#27;[0;39m Root WebApplicationContext: initialization completed in 1792 ms
&amp#27;[2m2026-02-22T02:25:40.649+01:00&amp#27;[0;39m &amp#27;[32m INFO&amp#27;[0;39m &amp#27;[35m55840&amp#27;[0;39m &amp#27;[2m---&amp#27;[0;39m &amp#27;[2m[sportsbook-risk-settlement] [           main]&amp#27;[0;39m &amp#27;[2m&amp#27;[0;39m&amp#27;[36mcom.zaxxer.hikari.HikariDataSource      &amp#27;[0;39m &amp#27;[2m:&amp#27;[0;39m HikariPool-2 - Starting...
&amp#27;[2m2026-02-22T02:25:40.712+01:00&amp#27;[0;39m &amp#27;[32m INFO&amp#27;[0;39m &amp#27;[35m55840&amp#27;[0;39m &amp#27;[2m---&amp#27;[0;39m &amp#27;[2m[sportsbook-risk-settlement] [           main]&amp#27;[0;39m &amp#27;[2m&amp#27;[0;39m&amp#27;[36mcom.zaxxer.hikari.pool.HikariPool       &amp#27;[0;39m &amp#27;[2m:&amp#27;[0;39m HikariPool-2 - Added connection org.postgresql.jdbc.PgConnection@14605d0d
&amp#27;[2m2026-02-22T02:25:40.714+01:00&amp#27;[0;39m &amp#27;[32m INFO&amp#27;[0;39m &amp#27;[35m55840&amp#27;[0;39m &amp#27;[2m---&amp#27;[0;39m &amp#27;[2m[sportsbook-risk-settlement] [           main]&amp#27;[0;39m &amp#27;[2m&amp#27;[0;39m&amp#27;[36mcom.zaxxer.hikari.HikariDataSource      &amp#27;[0;39m &amp#27;[2m:&amp#27;[0;39m HikariPool-2 - Start completed.
&amp#27;[2m2026-02-22T02:25:40.737+01:00&amp#27;[0;39m &amp#27;[32m INFO&amp#27;[0;39m &amp#27;[35m55840&amp#27;[0;39m &amp#27;[2m---&amp#27;[0;39m &amp#27;[2m[sportsbook-risk-settlement] [           main]&amp#27;[0;39m &amp#27;[2m&amp#27;[0;39m&amp#27;[36morg.flywaydb.core.FlywayExecutor        &amp#27;[0;39m &amp#27;[2m:&amp#27;[0;39m Database: jdbc:postgresql://localhost:59429/sportsbook (PostgreSQL 16.11)
&amp#27;[2m2026-02-22T02:25:40.743+01:00&amp#27;[0;39m &amp#27;[33m WARN&amp#27;[0;39m &amp#27;[35m55840&amp#27;[0;39m &amp#27;[2m---&amp#27;[0;39m &amp#27;[2m[sportsbook-risk-settlement] [           main]&amp#27;[0;39m &amp#27;[2m&amp#27;[0;39m&amp#27;[36mo.f.c.internal.database.base.Database   &amp#27;[0;39m &amp#27;[2m:&amp#27;[0;39m Flyway upgrade recommended: PostgreSQL 16.11 is newer than this version of Flyway and support has not been tested. The latest supported version of PostgreSQL is 15.
&amp#27;[2m2026-02-22T02:25:40.760+01:00&amp#27;[0;39m &amp#27;[32m INFO&amp#27;[0;39m &amp#27;[35m55840&amp#27;[0;39m &amp#27;[2m---&amp#27;[0;39m &amp#27;[2m[sportsbook-risk-settlement] [           main]&amp#27;[0;39m &amp#27;[2m&amp#27;[0;39m&amp#27;[36mo.f.c.i.s.JdbcTableSchemaHistory        &amp#27;[0;39m &amp#27;[2m:&amp#27;[0;39m Schema history table "public"."flyway_schema_history" does not exist yet
&amp#27;[2m2026-02-22T02:25:40.762+01:00&amp#27;[0;39m &amp#27;[32m INFO&amp#27;[0;39m &amp#27;[35m55840&amp#27;[0;39m &amp#27;[2m---&amp#27;[0;39m &amp#27;[2m[sportsbook-risk-settlement] [           main]&amp#27;[0;39m &amp#27;[2m&amp#27;[0;39m&amp#27;[36mo.f.core.internal.command.DbValidate    &amp#27;[0;39m &amp#27;[2m:&amp#27;[0;39m Successfully validated 2 migrations (execution time 00:00.010s)
&amp#27;[2m2026-02-22T02:25:40.772+01:00&amp#27;[0;39m &amp#27;[32m INFO&amp#27;[0;39m &amp#27;[35m55840&amp#27;[0;39m &amp#27;[2m---&amp#27;[0;39m &amp#27;[2m[sportsbook-risk-settlement] [           main]&amp#27;[0;39m &amp#27;[2m&amp#27;[0;39m&amp#27;[36mo.f.c.i.s.JdbcTableSchemaHistory        &amp#27;[0;39m &amp#27;[2m:&amp#27;[0;39m Creating Schema History table "public"."flyway_schema_history" ...
&amp#27;[2m2026-02-22T02:25:40.823+01:00&amp#27;[0;39m &amp#27;[32m INFO&amp#27;[0;39m &amp#27;[35m55840&amp#27;[0;39m &amp#27;[2m---&amp#27;[0;39m &amp#27;[2m[sportsbook-risk-settlement] [           main]&amp#27;[0;39m &amp#27;[2m&amp#27;[0;39m&amp#27;[36mo.f.core.internal.command.DbMigrate     &amp#27;[0;39m &amp#27;[2m:&amp#27;[0;39m Current version of schema "public": << Empty Schema >>
&amp#27;[2m2026-02-22T02:25:40.832+01:00&amp#27;[0;39m &amp#27;[32m INFO&amp#27;[0;39m &amp#27;[35m55840&amp#27;[0;39m &amp#27;[2m---&amp#27;[0;39m &amp#27;[2m[sportsbook-risk-settlement] [           main]&amp#27;[0;39m &amp#27;[2m&amp#27;[0;39m&amp#27;[36mo.f.core.internal.command.DbMigrate     &amp#27;[0;39m &amp#27;[2m:&amp#27;[0;39m Migrating schema "public" to version "1 - initial schema"
&amp#27;[2m2026-02-22T02:25:40.892+01:00&amp#27;[0;39m &amp#27;[32m INFO&amp#27;[0;39m &amp#27;[35m55840&amp#27;[0;39m &amp#27;[2m---&amp#27;[0;39m &amp#27;[2m[sportsbook-risk-settlement] [           main]&amp#27;[0;39m &amp#27;[2m&amp#27;[0;39m&amp#27;[36mo.f.core.internal.command.DbMigrate     &amp#27;[0;39m &amp#27;[2m:&amp#27;[0;39m Migrating schema "public" to version "2 - seed data"
&amp#27;[2m2026-02-22T02:25:40.906+01:00&amp#27;[0;39m &amp#27;[32m INFO&amp#27;[0;39m &amp#27;[35m55840&amp#27;[0;39m &amp#27;[2m---&amp#27;[0;39m &amp#27;[2m[sportsbook-risk-settlement] [           main]&amp#27;[0;39m &amp#27;[2m&amp#27;[0;39m&amp#27;[36mo.f.core.internal.command.DbMigrate     &amp#27;[0;39m &amp#27;[2m:&amp#27;[0;39m Successfully applied 2 migrations to schema "public", now at version v2 (execution time 00:00.041s)
&amp#27;[2m2026-02-22T02:25:40.956+01:00&amp#27;[0;39m &amp#27;[32m INFO&amp#27;[0;39m &amp#27;[35m55840&amp#27;[0;39m &amp#27;[2m---&amp#27;[0;39m &amp#27;[2m[sportsbook-risk-settlement] [           main]&amp#27;[0;39m &amp#27;[2m&amp#27;[0;39m&amp#27;[36mo.hibernate.jpa.internal.util.LogHelper &amp#27;[0;39m &amp#27;[2m:&amp#27;[0;39m HHH000204: Processing PersistenceUnitInfo [name: default]
&amp#27;[2m2026-02-22T02:25:40.964+01:00&amp#27;[0;39m &amp#27;[32m INFO&amp#27;[0;39m &amp#27;[35m55840&amp#27;[0;39m &amp#27;[2m---&amp#27;[0;39m &amp#27;[2m[sportsbook-risk-settlement] [           main]&amp#27;[0;39m &amp#27;[2m&amp#27;[0;39m&amp#27;[36mo.h.c.internal.RegionFactoryInitiator   &amp#27;[0;39m &amp#27;[2m:&amp#27;[0;39m HHH000026: Second-level cache disabled
&amp#27;[2m2026-02-22T02:25:40.972+01:00&amp#27;[0;39m &amp#27;[32m INFO&amp#27;[0;39m &amp#27;[35m55840&amp#27;[0;39m &amp#27;[2m---&amp#27;[0;39m &amp#27;[2m[sportsbook-risk-settlement] [           main]&amp#27;[0;39m &amp#27;[2m&amp#27;[0;39m&amp#27;[36mo.s.o.j.p.SpringPersistenceUnitInfo     &amp#27;[0;39m &amp#27;[2m:&amp#27;[0;39m No LoadTimeWeaver setup: ignoring JPA class transformer
&amp#27;[2m2026-02-22T02:25:41.456+01:00&amp#27;[0;39m &amp#27;[32m INFO&amp#27;[0;39m &amp#27;[35m55840&amp#27;[0;39m &amp#27;[2m---&amp#27;[0;39m &amp#27;[2m[sportsbook-risk-settlement] [           main]&amp#27;[0;39m &amp#27;[2m&amp#27;[0;39m&amp#27;[36mo.h.e.t.j.p.i.JtaPlatformInitiator      &amp#27;[0;39m &amp#27;[2m:&amp#27;[0;39m HHH000489: No JTA platform available (set 'hibernate.transaction.jta.platform' to enable JTA platform integration)
&amp#27;[2m2026-02-22T02:25:41.482+01:00&amp#27;[0;39m &amp#27;[32m INFO&amp#27;[0;39m &amp#27;[35m55840&amp#27;[0;39m &amp#27;[2m---&amp#27;[0;39m &amp#27;[2m[sportsbook-risk-settlement] [           main]&amp#27;[0;39m &amp#27;[2m&amp#27;[0;39m&amp#27;[36mj.LocalContainerEntityManagerFactoryBean&amp#27;[0;39m &amp#27;[2m:&amp#27;[0;39m Initialized JPA EntityManagerFactory for persistence unit 'default'
&amp#27;[2m2026-02-22T02:25:42.940+01:00&amp#27;[0;39m &amp#27;[32m INFO&amp#27;[0;39m &amp#27;[35m55840&amp#27;[0;39m &amp#27;[2m---&amp#27;[0;39m &amp#27;[2m[sportsbook-risk-settlement] [           main]&amp#27;[0;39m &amp#27;[2m&amp#27;[0;39m&amp#27;[36mo.s.b.a.e.web.EndpointLinksResolver     &amp#27;[0;39m &amp#27;[2m:&amp#27;[0;39m Exposing 2 endpoint(s) beneath base path '/actuator'
&amp#27;[2m2026-02-22T02:25:42.999+01:00&amp#27;[0;39m &amp#27;[32m INFO&amp#27;[0;39m &amp#27;[35m55840&amp#27;[0;39m &amp#27;[2m---&amp#27;[0;39m &amp#27;[2m[sportsbook-risk-settlement] [           main]&amp#27;[0;39m &amp#27;[2m&amp#27;[0;39m&amp#27;[36mo.s.s.web.DefaultSecurityFilterChain    &amp#27;[0;39m &amp#27;[2m:&amp#27;[0;39m Will secure Or [Mvc [pattern='/admin/**']] with [org.springframework.security.web.session.DisableEncodeUrlFilter@682f96d6, org.springframework.security.web.context.request.async.WebAsyncManagerIntegrationFilter@2d40ee90, org.springframework.security.web.context.SecurityContextHolderFilter@35070f2b, org.springframework.security.web.header.HeaderWriterFilter@5e0c7244, org.springframework.web.filter.CorsFilter@6e6b415, org.springframework.security.web.authentication.logout.LogoutFilter@785bf7c7, org.springframework.security.web.authentication.www.BasicAuthenticationFilter@50d2bf1c, org.springframework.security.web.savedrequest.RequestCacheAwareFilter@4d4b0c5e, org.springframework.security.web.servletapi.SecurityContextHolderAwareRequestFilter@7a6ac553, org.springframework.security.web.authentication.AnonymousAuthenticationFilter@f23b785, org.springframework.security.web.session.SessionManagementFilter@27fc59d, org.springframework.security.web.access.ExceptionTranslationFilter@3f34c57b, org.springframework.security.web.access.intercept.AuthorizationFilter@4369ad74]
&amp#27;[2m2026-02-22T02:25:43.012+01:00&amp#27;[0;39m &amp#27;[32m INFO&amp#27;[0;39m &amp#27;[35m55840&amp#27;[0;39m &amp#27;[2m---&amp#27;[0;39m &amp#27;[2m[sportsbook-risk-settlement] [           main]&amp#27;[0;39m &amp#27;[2m&amp#27;[0;39m&amp#27;[36mo.s.s.web.DefaultSecurityFilterChain    &amp#27;[0;39m &amp#27;[2m:&amp#27;[0;39m Will secure Or [Mvc [pattern='/api/**']] with [org.springframework.security.web.session.DisableEncodeUrlFilter@136efc8f, org.springframework.security.web.context.request.async.WebAsyncManagerIntegrationFilter@15210484, org.springframework.security.web.context.SecurityContextHolderFilter@187175b3, org.springframework.security.web.header.HeaderWriterFilter@4669e93a, org.springframework.web.filter.CorsFilter@6bf2249b, org.springframework.security.web.authentication.logout.LogoutFilter@3e971bd5, com.myname.sportsbook.security.JwtAuthFilter@4c1b3e17, org.springframework.security.web.savedrequest.RequestCacheAwareFilter@148a3112, org.springframework.security.web.servletapi.SecurityContextHolderAwareRequestFilter@1d233a80, org.springframework.security.web.authentication.AnonymousAuthenticationFilter@f5ebccc, org.springframework.security.web.session.SessionManagementFilter@1ce585c9, org.springframework.security.web.access.ExceptionTranslationFilter@3237d80f, org.springframework.security.web.access.intercept.AuthorizationFilter@7fa36d64]
&amp#27;[2m2026-02-22T02:25:43.020+01:00&amp#27;[0;39m &amp#27;[32m INFO&amp#27;[0;39m &amp#27;[35m55840&amp#27;[0;39m &amp#27;[2m---&amp#27;[0;39m &amp#27;[2m[sportsbook-risk-settlement] [           main]&amp#27;[0;39m &amp#27;[2m&amp#27;[0;39m&amp#27;[36mo.s.s.web.DefaultSecurityFilterChain    &amp#27;[0;39m &amp#27;[2m:&amp#27;[0;39m Will secure Or [Mvc [pattern='/**']] with [org.springframework.security.web.session.DisableEncodeUrlFilter@4cfd3d7e, org.springframework.security.web.context.request.async.WebAsyncManagerIntegrationFilter@621be873, org.springframework.security.web.context.SecurityContextHolderFilter@5620a340, org.springframework.security.web.header.HeaderWriterFilter@31311a5, org.springframework.web.filter.CorsFilter@3930437d, org.springframework.security.web.authentication.logout.LogoutFilter@4b6cb496, org.springframework.security.web.savedrequest.RequestCacheAwareFilter@59c126af, org.springframework.security.web.servletapi.SecurityContextHolderAwareRequestFilter@42449a0b, org.springframework.security.web.authentication.AnonymousAuthenticationFilter@1630e9f3, org.springframework.security.web.session.SessionManagementFilter@43e32f01, org.springframework.security.web.access.ExceptionTranslationFilter@2ae4a15a, org.springframework.security.web.access.intercept.AuthorizationFilter@7d3a52aa]
&amp#27;[2m2026-02-22T02:25:43.394+01:00&amp#27;[0;39m &amp#27;[32m INFO&amp#27;[0;39m &amp#27;[35m55840&amp#27;[0;39m &amp#27;[2m---&amp#27;[0;39m &amp#27;[2m[sportsbook-risk-settlement] [           main]&amp#27;[0;39m &amp#27;[2m&amp#27;[0;39m&amp#27;[36mo.s.b.w.embedded.tomcat.TomcatWebServer &amp#27;[0;39m &amp#27;[2m:&amp#27;[0;39m Tomcat started on port 59462 (http) with context path ''
&amp#27;[2m2026-02-22T02:25:43.407+01:00&amp#27;[0;39m &amp#27;[32m INFO&amp#27;[0;39m &amp#27;[35m55840&amp#27;[0;39m &amp#27;[2m---&amp#27;[0;39m &amp#27;[2m[sportsbook-risk-settlement] [           main]&amp#27;[0;39m &amp#27;[2m&amp#27;[0;39m&amp#27;[36mc.m.s.r.service.RiskEngineServiceTest   &amp#27;[0;39m &amp#27;[2m:&amp#27;[0;39m Started RiskEngineServiceTest in 4.933 seconds (process running for 30.115)
]]></system-out>
  </testcase>
  <testcase name="evaluate_rejectsWhenLiabilityLimitReached" classname="com.myname.sportsbook.risk.service.RiskEngineServiceTest" time="0.114"/>
  <testcase name="evaluate_acceptsWhenNoLimits" classname="com.myname.sportsbook.risk.service.RiskEngineServiceTest" time="0.048"/>
</testsuite>