<?xml version="1.0" encoding="UTF-8"?>
<testsuite xmlns:xsi="http://www.w3.org/2001/XMLSchema-instance" xsi:noNamespaceSchemaLocation="https://maven.apache.org/surefire/maven-surefire-plugin/xsd/surefire-test-report-3.0.xsd" version="3.0" name="com.myname.sportsbook.betting.BetPlacementIntegrationTest" time="20.525" tests="2" errors="0" skipped="0" failures="0">
  <properties>
[...]
</properties>
  <testcase name="placeBet_success" classname="com.myname.sportsbook.betting.BetPlacementIntegrationTest" time="1.773">
    <system-out><![CDATA[02:25:14.816 [main] INFO org.springframework.test.context.support.AnnotationConfigContextLoaderUtils -- Could not detect default configuration classes for test class [com.myname.sportsbook.betting.BetPlacementIntegrationTest]: BetPlacementIntegrationTest does not declare any static, non-private, non-final, nested classes annotated with @Configuration.
02:25:15.117 [main] INFO org.springframework.boot.test.context.SpringBootTestContextBootstrapper -- Found @SpringBootConfiguration com.myname.sportsbook.SportsbookApplication for test class com.myname.sportsbook.betting.BetPlacementIntegrationTest
02:25:15.344 [main] INFO org.testcontainers.images.PullPolicy -- Image pull policy will be performed by: DefaultPullPolicy()
02:25:15.347 [main] INFO org.testcontainers.utility.ImageNameSubstitutor -- Image name substitution will be performed by: DefaultImageNameSubstitutor (composite of 'ConfigurationFileImageNameSubstitutor' and 'PrefixingImageNameSubstitutor')
02:25:16.337 [main] INFO org.testcontainers.dockerclient.DockerClientProviderStrategy -- Found Docker environment with Docker accessed via Unix socket (/Users/shotaroishii/.docker/run/docker.sock)
02:25:16.339 [main] INFO org.testcontainers.DockerClientFactory -- Docker host IP address is localhost
02:25:16.377 [main] INFO org.testcontainers.DockerClientFactory -- Connected to docker: 
  Server Version: 28.5.1
  API Version: 1.51
  Operating System: Docker Desktop
  Total Memory: 7837 MB
02:25:16.420 [main] INFO tc.testcontainers/ryuk:0.6.0 -- Creating container for image: testcontainers/ryuk:0.6.0
02:25:16.617 [main] INFO org.testcontainers.utility.RegistryAuthLocator -- Credential helper/store (docker-credential-desktop) does not have credentials for https://index.docker.io/v1/
02:25:16.812 [main] INFO tc.testcontainers/ryuk:0.6.0 -- Container testcontainers/ryuk:0.6.0 is starting: 6767af390f881454897de7adae35dd45a8432fd7dbc35e915c1c4acaaea3b5e1
02:25:17.562 [main] INFO tc.testcontainers/ryuk:0.6.0 -- Container testcontainers/ryuk:0.6.0 started in PT1.142168S
02:25:17.580 [main] INFO org.testcontainers.utility.RyukResourceReaper -- Ryuk started - will monitor and terminate Testcontainers containers on JVM exit
02:25:17.580 [main] INFO org.testcontainers.DockerClientFactory -- Checking the system...
02:25:17.581 [main] INFO org.testcontainers.DockerClientFactory -- ✔︎ Docker server version should be at least 1.6.0
02:25:17.583 [main] INFO tc.postgres:16-alpine -- Creating container for image: postgres:16-alpine
02:25:17.625 [main] INFO tc.postgres:16-alpine -- Container postgres:16-alpine is starting: 213168b716ca2180663ff15f3945e1b2ea5b4721022a6c890e061346cd2407d6
02:25:18.585 [main] INFO tc.postgres:16-alpine -- Container postgres:16-alpine started in PT1.001288S
02:25:18.588 [main] INFO tc.postgres:16-alpine -- Container is started (JDBC URL: jdbc:postgresql://localhost:59330/sportsbook?loggerLevel=OFF)

  .   ____          _            __ _ _
 /\\ / ___'_ __ _ _(_)_ __  __ _ \ \ \ \
( ( )\___ | '_ | '_| | '_ \/ _` | \ \ \ \
 \\/  ___)| |_)| | | | | || (_| |  ) ) ) )
  '  |____| .__|_| |_|_| |_\__, | / / / /
 =========|_|==============|___/=/_/_/_/
&amp#27;[32m :: Spring Boot :: &amp#27;[39m              &amp#27;[2m (v3.2.5)&amp#27;[0;39m

&amp#27;[2m2026-02-22T02:25:19.290+01:00&amp#27;[0;39m &amp#27;[32m INFO&amp#27;[0;39m &amp#27;[35m55840&amp#27;[0;39m &amp#27;[2m---&amp#27;[0;39m &amp#27;[2m[sportsbook-risk-settlement] [           main]&amp#27;[0;39m &amp#27;[2m&amp#27;[0;39m&amp#27;[36mc.m.s.b.BetPlacementIntegrationTest     &amp#27;[0;39m &amp#27;[2m:&amp#27;[0;39m Starting BetPlacementIntegrationTest using Java 24.0.1 with PID 55840 (started by shotaroishii in /Users/shotaroishii/Documents/GitHub/Sportsbook-Risk-And-Settlement-Platform)
&amp#27;[2m2026-02-22T02:25:19.292+01:00&amp#27;[0;39m &amp#27;[32m INFO&amp#27;[0;39m &amp#27;[35m55840&amp#27;[0;39m &amp#27;[2m---&amp#27;[0;39m &amp#27;[2m[sportsbook-risk-settlement] [           main]&amp#27;[0;39m &amp#27;[2m&amp#27;[0;39m&amp#27;[36mc.m.s.b.BetPlacementIntegrationTest     &amp#27;[0;39m &amp#27;[2m:&amp#27;[0;39m The following 1 profile is active: "test"
&amp#27;[2m2026-02-22T02:25:21.609+01:00&amp#27;[0;39m &amp#27;[32m INFO&amp#27;[0;39m &amp#27;[35m55840&amp#27;[0;39m &amp#27;[2m---&amp#27;[0;39m &amp#27;[2m[sportsbook-risk-settlement] [           main]&amp#27;[0;39m &amp#27;[2m&amp#27;[0;39m&amp#27;[36m.s.d.r.c.RepositoryConfigurationDelegate&amp#27;[0;39m &amp#27;[2m:&amp#27;[0;39m Bootstrapping Spring Data JPA repositories in DEFAULT mode.
&amp#27;[2m2026-02-22T02:25:21.770+01:00&amp#27;[0;39m &amp#27;[32m INFO&amp#27;[0;39m &amp#27;[35m55840&amp#27;[0;39m &amp#27;[2m---&amp#27;[0;39m &amp#27;[2m[sportsbook-risk-settlement] [           main]&amp#27;[0;39m &amp#27;[2m&amp#27;[0;39m&amp#27;[36m.s.d.r.c.RepositoryConfigurationDelegate&amp#27;[0;39m &amp#27;[2m:&amp#27;[0;39m Finished Spring Data repository scanning in 152 ms. Found 8 JPA repository interfaces.
&amp#27;[2m2026-02-22T02:25:23.238+01:00&amp#27;[0;39m &amp#27;[32m INFO&amp#27;[0;39m &amp#27;[35m55840&amp#27;[0;39m &amp#27;[2m---&amp#27;[0;39m &amp#27;[2m[sportsbook-risk-settlement] [           main]&amp#27;[0;39m &amp#27;[2m&amp#27;[0;39m&amp#27;[36mo.s.b.w.embedded.tomcat.TomcatWebServer &amp#27;[0;39m &amp#27;[2m:&amp#27;[0;39m Tomcat initialized with port 0 (http)
&amp#27;[2m2026-02-22T02:25:23.252+01:00&amp#27;[0;39m &amp#27;[32m INFO&amp#27;[0;39m &amp#27;[35m55840&amp#27;[0;39m &amp#27;[2m---&amp#27;[0;39m &amp#27;[2m[sportsbook-risk-settlement] [           main]&amp#27;[0;39m &amp#27;[2m&amp#27;[0;39m&amp#27;[36mo.apache.catalina.core.StandardService  &amp#27;[0;39m &amp#27;[2m:&amp#27;[0;39m Starting service [Tomcat]
&amp#27;[2m2026-02-22T02:25:23.252+01:00&amp#27;[0;39m &amp#27;[32m INFO&amp#27;[0;39m &amp#27;[35m55840&amp#27;[0;39m &amp#27;[2m---&amp#27;[0;39m &amp#27;[2m[sportsbook-risk-settlement] [           main]&amp#27;[0;39m &amp#27;[2m&amp#27;[0;39m&amp#27;[36mo.apache.catalina.core.StandardEngine   &amp#27;[0;39m &amp#27;[2m:&amp#27;[0;39m Starting Servlet engine: [Apache Tomcat/10.1.20]
&amp#27;[2m2026-02-22T02:25:23.334+01:00&amp#27;[0;39m &amp#27;[32m INFO&amp#27;[0;39m &amp#27;[35m55840&amp#27;[0;39m &amp#27;[2m---&amp#27;[0;39m &amp#27;[2m[sportsbook-risk-settlement] [           main]&amp#27;[0;39m &amp#27;[2m&amp#27;[0;39m&amp#27;[36mo.a.c.c.C.[Tomcat].[localhost].[/]      &amp#27;[0;39m &amp#27;[2m:&amp#27;[0;39m Initializing Spring embedded WebApplicationContext
&amp#27;[2m2026-02-22T02:25:23.337+01:00&amp#27;[0;39m &amp#27;[32m INFO&amp#27;[0;39m &amp#27;[35m55840&amp#27;[0;39m &amp#27;[2m---&amp#27;[0;39m &amp#27;[2m[sportsbook-risk-settlement] [           main]&amp#27;[0;39m &amp#27;[2m&amp#27;[0;39m&amp#27;[36mw.s.c.ServletWebServerApplicationContext&amp#27;[0;39m &amp#27;[2m:&amp#27;[0;39m Root WebApplicationContext: initialization completed in 4019 ms
&amp#27;[2m2026-02-22T02:25:23.884+01:00&amp#27;[0;39m &amp#27;[32m INFO&amp#27;[0;39m &amp#27;[35m55840&amp#27;[0;39m &amp#27;[2m---&amp#27;[0;39m &amp#27;[2m[sportsbook-risk-settlement] [           main]&amp#27;[0;39m &amp#27;[2m&amp#27;[0;39m&amp#27;[36mcom.zaxxer.hikari.HikariDataSource      &amp#27;[0;39m &amp#27;[2m:&amp#27;[0;39m HikariPool-1 - Starting...
&amp#27;[2m2026-02-22T02:25:24.109+01:00&amp#27;[0;39m &amp#27;[32m INFO&amp#27;[0;39m &amp#27;[35m55840&amp#27;[0;39m &amp#27;[2m---&amp#27;[0;39m &amp#27;[2m[sportsbook-risk-settlement] [           main]&amp#27;[0;39m &amp#27;[2m&amp#27;[0;39m&amp#27;[36mcom.zaxxer.hikari.pool.HikariPool       &amp#27;[0;39m &amp#27;[2m:&amp#27;[0;39m HikariPool-1 - Added connection org.postgresql.jdbc.PgConnection@fb42c1c
&amp#27;[2m2026-02-22T02:25:24.111+01:00&amp#27;[0;39m &amp#27;[32m INFO&amp#27;[0;39m &amp#27;[35m55840&amp#27;[0;39m &amp#27;[2m---&amp#27;[0;39m &amp#27;[2m[sportsbook-risk-settlement] [           main]&amp#27;[0;39m &amp#27;[2m&amp#27;[0;39m&amp#27;[36mcom.zaxxer.hikari.HikariDataSource      &amp#27;[0;39m &amp#27;[2m:&amp#27;[0;39m HikariPool-1 - Start completed.
&amp#27;[2m2026-02-22T02:25:24.236+01:00&amp#27;[0;39m &amp#27;[32m INFO&amp#27;[0;39m &amp#27;[35m55840&amp#27;[0;39m &amp#27;[2m---&amp#27;[0;39m &amp#27;[2m[sportsbook-risk-settlement] [           main]&amp#27;[0;39m &amp#27;[2m&amp#27;[0;39m&amp#27;[36mo.f.c.internal.license.VersionPrinter   &amp#27;[0;39m &amp#27;[2m:&amp#27;[0;39m Flyway Community Edition 9.22.3 by Redgate
&amp#27;[2m2026-02-22T02:25:24.236+01:00&amp#27;[0;39m &amp#27;[32m INFO&amp#27;[0;39m &amp#27;[35m55840&amp#27;[0;39m &amp#27;[2m---&amp#27;[0;39m &amp#27;[2m[sportsbook-risk-settlement] [           main]&amp#27;[0;39m &amp#27;[2m&amp#27;[0;39m&amp#27;[36mo.f.c.internal.license.VersionPrinter   &amp#27;[0;39m &amp#27;[2m:&amp#27;[0;39m See release notes here: https://rd.gt/416ObMi
&amp#27;[2m2026-02-22T02:25:24.236+01:00&amp#27;[0;39m &amp#27;[32m INFO&amp#27;[0;39m &amp#27;[35m55840&amp#27;[0;39m &amp#27;[2m---&amp#27;[0;39m &amp#27;[2m[sportsbook-risk-settlement] [           main]&amp#27;[0;39m &amp#27;[2m&amp#27;[0;39m&amp#27;[36mo.f.c.internal.license.VersionPrinter   &amp#27;[0;39m &amp#27;[2m:&amp#27;[0;39m 
&amp#27;[2m2026-02-22T02:25:24.265+01:00&amp#27;[0;39m &amp#27;[32m INFO&amp#27;[0;39m &amp#27;[35m55840&amp#27;[0;39m &amp#27;[2m---&amp#27;[0;39m &amp#27;[2m[sportsbook-risk-settlement] [           main]&amp#27;[0;39m &amp#27;[2m&amp#27;[0;39m&amp#27;[36morg.flywaydb.core.FlywayExecutor        &amp#27;[0;39m &amp#27;[2m:&amp#27;[0;39m Database: jdbc:postgresql://localhost:59330/sportsbook (PostgreSQL 16.11)
&amp#27;[2m2026-02-22T02:25:24.279+01:00&amp#27;[0;39m &amp#27;[33m WARN&amp#27;[0;39m &amp#27;[35m55840&amp#27;[0;39m &amp#27;[2m---&amp#27;[0;39m &amp#27;[2m[sportsbook-risk-settlement] [           main]&amp#27;[0;39m &amp#27;[2m&amp#27;[0;39m&amp#27;[36mo.f.c.internal.database.base.Database   &amp#27;[0;39m &amp#27;[2m:&amp#27;[0;39m Flyway upgrade recommended: PostgreSQL 16.11 is newer than this version of Flyway and support has not been tested. The latest supported version of PostgreSQL is 15.
&amp#27;[2m2026-02-22T02:25:24.309+01:00&amp#27;[0;39m &amp#27;[32m INFO&amp#27;[0;39m &amp#27;[35m55840&amp#27;[0;39m &amp#27;[2m---&amp#27;[0;39m &amp#27;[2m[sportsbook-risk-settlement] [           main]&amp#27;[0;39m &amp#27;[2m&amp#27;[0;39m&amp#27;[36mo.f.c.i.s.JdbcTableSchemaHistory        &amp#27;[0;39m &amp#27;[2m:&amp#27;[0;39m Schema history table "public"."flyway_schema_history" does not exist yet
&amp#27;[2m2026-02-22T02:25:24.317+01:00&amp#27;[0;39m &amp#27;[32m INFO&amp#27;[0;39m &amp#27;[35m55840&amp#27;[0;39m &amp#27;[2m---&amp#27;[0;39m &amp#27;[2m[sportsbook-risk-settlement] [           main]&amp#27;[0;39m &amp#27;[2m&amp#27;[0;39m&amp#27;[36mo.f.core.internal.command.DbValidate    &amp#27;[0;39m &amp#27;[2m:&amp#27;[0;39m Successfully validated 2 migrations (execution time 00:00.025s)
&amp#27;[2m2026-02-22T02:25:24.334+01:00&amp#27;[0;39m &amp#27;[32m INFO&amp#27;[0;39m &amp#27;[35m55840&amp#27;[0;39m &amp#27;[2m---&amp#27;[0;39m &amp#27;[2m[sportsbook-risk-settlement] [           main]&amp#27;[0;39m &amp#27;[2m&amp#27;[0;39m&amp#27;[36mo.f.c.i.s.JdbcTableSchemaHistory        &amp#27;[0;39m &amp#27;[2m:&amp#27;[0;39m Creating Schema History table "public"."flyway_schema_history" ...
&amp#27;[2m2026-02-22T02:25:24.373+01:00&amp#27;[0;39m &amp#27;[32m INFO&amp#27;[0;39m &amp#27;[35m55840&amp#27;[0;39m &amp#27;[2m---&amp#27;[0;39m &amp#27;[2m[sportsbook-risk-settlement] [           main]&amp#27;[0;39m &amp#27;[2m&amp#27;[0;39m&amp#27;[36mo.f.core.internal.command.DbMigrate     &amp#27;[0;39m &amp#27;[2m:&amp#27;[0;39m Current version of schema "public": << Empty Schema >>
&amp#27;[2m2026-02-22T02:25:24.407+01:00&amp#27;[0;39m &amp#27;[32m INFO&amp#27;[0;39m &amp#27;[35m55840&amp#27;[0;39m &amp#27;[2m---&amp#27;[0;39m &amp#27;[2m[sportsbook-risk-settlement] [           main]&amp#27;[0;39m &amp#27;[2m&amp#27;[0;39m&amp#27;[36mo.f.core.internal.command.DbMigrate     &amp#27;[0;39m &amp#27;[2m:&amp#27;[0;39m Migrating schema "public" to version "1 - initial schema"
&amp#27;[2m2026-02-22T02:25:24.463+01:00&amp#27;[0;39m &amp#27;[32m INFO&amp#27;[0;39m &amp#27;[35m55840&amp#27;[0;39m &amp#27;[2m---&amp#27;[0;39m &amp#27;[2m[sportsbook-risk-settlement] [           main]&amp#27;[0;39m &amp#27;[2m&amp#27;[0;39m&amp#27;[36mo.f.core.internal.command.DbMigrate     &amp#27;[0;39m &amp#27;[2m:&amp#27;[0;39m Migrating schema "public" to version "2 - seed data"
&amp#27;[2m2026-02-22T02:25:24.478+01:00&amp#27;[0;39m &amp#27;[32m INFO&amp#27;[0;39m &amp#27;[35m55840&amp#27;[0;39m &amp#27;[2m---&amp#27;[0;39m &amp#27;[2m[sportsbook-risk-settlement] [           main]&amp#27;[0;39m &amp#27;[2m&amp#27;[0;39m&amp#27;[36mo.f.core.internal.command.DbMigrate     &amp#27;[0;39m &amp#27;[2m:&amp#27;[0;39m Successfully applied 2 migrations to schema "public", now at version v2 (execution time 00:00.038s)
&amp#27;[2m2026-02-22T02:25:24.653+01:00&amp#27;[0;39m &amp#27;[32m INFO&amp#27;[0;39m &amp#27;[35m55840&amp#27;[0;39m &amp#27;[2m---&amp#27;[0;39m &amp#27;[2m[sportsbook-risk-settlement] [           main]&amp#27;[0;39m &amp#27;[2m&amp#27;[0;39m&amp#27;[36mo.hibernate.jpa.internal.util.LogHelper &amp#27;[0;39m &amp#27;[2m:&amp#27;[0;39m HHH000204: Processing PersistenceUnitInfo [name: default]
&amp#27;[2m2026-02-22T02:25:24.719+01:00&amp#27;[0;39m &amp#27;[32m INFO&amp#27;[0;39m &amp#27;[35m55840&amp#27;[0;39m &amp#27;[2m---&amp#27;[0;39m &amp#27;[2m[sportsbook-risk-settlement] [           main]&amp#27;[0;39m &amp#27;[2m&amp#27;[0;39m&amp#27;[36morg.hibernate.Version                   &amp#27;[0;39m &amp#27;[2m:&amp#27;[0;39m HHH000412: Hibernate ORM core version 6.4.4.Final
&amp#27;[2m2026-02-22T02:25:24.750+01:00&amp#27;[0;39m &amp#27;[32m INFO&amp#27;[0;39m &amp#27;[35m55840&amp#27;[0;39m &amp#27;[2m---&amp#27;[0;39m &amp#27;[2m[sportsbook-risk-settlement] [           main]&amp#27;[0;39m &amp#27;[2m&amp#27;[0;39m&amp#27;[36mo.h.c.internal.RegionFactoryInitiator   &amp#27;[0;39m &amp#27;[2m:&amp#27;[0;39m HHH000026: Second-level cache disabled
&amp#27;[2m2026-02-22T02:25:25.300+01:00&amp#27;[0;39m &amp#27;[32m INFO&amp#27;[0;39m &amp#27;[35m55840&amp#27;[0;39m &amp#27;[2m---&amp#27;[0;39m &amp#27;[2m[sportsbook-risk-settlement] [           main]&amp#27;[0;39m &amp#27;[2m&amp#27;[0;39m&amp#27;[36mo.s.o.j.p.SpringPersistenceUnitInfo     &amp#27;[0;39m &amp#27;[2m:&amp#27;[0;39m No LoadTimeWeaver setup: ignoring JPA class transformer
&amp#27;[2m2026-02-22T02:25:26.733+01:00&amp#27;[0;39m &amp#27;[32m INFO&amp#27;[0;39m &amp#27;[35m55840&amp#27;[0;39m &amp#27;[2m---&amp#27;[0;39m &amp#27;[2m[sportsbook-risk-settlement] [           main]&amp#27;[0;39m &amp#27;[2m&amp#27;[0;39m&amp#27;[36mo.h.e.t.j.p.i.JtaPlatformInitiator      &amp#27;[0;39m &amp#27;[2m:&amp#27;[0;39m HHH000489: No JTA platform available (set 'hibernate.transaction.jta.platform' to enable JTA platform integration)
&amp#27;[2m2026-02-22T02:25:26.788+01:00&amp#27;[0;39m &amp#27;[32m INFO&amp#27;[0;39m &amp#27;[35m55840&amp#27;[0;39m &amp#27;[2m---&amp#27;[0;39m &amp#27;[2m[sportsbook-risk-settlement] [           main]&amp#27;[0;39m &amp#27;[2m&amp#27;[0;39m&amp#27;[36mj.LocalContainerEntityManagerFactoryBean&amp#27;[0;39m &amp#27;[2m:&amp#27;[0;39m Initialized JPA EntityManagerFactory for persistence unit 'default'
&amp#27;[2m2026-02-22T02:25:27.583+01:00&amp#27;[0;39m &amp#27;[32m INFO&amp#27;[0;39m &amp#27;[35m55840&amp#27;[0;39m &amp#27;[2m---&amp#27;[0;39m &amp#27;[2m[sportsbook-risk-settlement] [           main]&amp#27;[0;39m &amp#27;[2m&amp#27;[0;39m&amp#27;[36mo.s.d.j.r.query.QueryEnhancerFactory    &amp#27;[0;39m &amp#27;[2m:&amp#27;[0;39m Hibernate is in classpath; If applicable, HQL parser will be used.
&amp#27;[2m2026-02-22T02:25:30.634+01:00&amp#27;[0;39m &amp#27;[32m INFO&amp#27;[0;39m &amp#27;[35m55840&amp#27;[0;39m &amp#27;[2m---&amp#27;[0;39m &amp#27;[2m[sportsbook-risk-settlement] [           main]&amp#27;[0;39m &amp#27;[2m&amp#27;[0;39m&amp#27;[36mo.s.b.a.e.web.EndpointLinksResolver     &amp#27;[0;39m &amp#27;[2m:&amp#27;[0;39m Exposing 2 endpoint(s) beneath base path '/actuator'
&amp#27;[2m2026-02-22T02:25:30.741+01:00&amp#27;[0;39m &amp#27;[32m INFO&amp#27;[0;39m &amp#27;[35m55840&amp#27;[0;39m &amp#27;[2m---&amp#27;[0;39m &amp#27;[2m[sportsbook-risk-settlement] [           main]&amp#27;[0;39m &amp#27;[2m&amp#27;[0;39m&amp#27;[36mo.s.s.web.DefaultSecurityFilterChain    &amp#27;[0;39m &amp#27;[2m:&amp#27;[0;39m Will secure Or [Mvc [pattern='/admin/**']] with [org.springframework.security.web.session.DisableEncodeUrlFilter@633c9699, org.springframework.security.web.context.request.async.WebAsyncManagerIntegrationFilter@56dc6b33, org.springframework.security.web.context.SecurityContextHolderFilter@3fddbcb1, org.springframework.security.web.header.HeaderWriterFilter@453ea7f6, org.springframework.web.filter.CorsFilter@31373fc1, org.springframework.security.web.authentication.logout.LogoutFilter@5cb077e3, org.springframework.security.web.authentication.www.BasicAuthenticationFilter@7c269f21, org.springframework.security.web.savedrequest.RequestCacheAwareFilter@4bab64a2, org.springframework.security.web.servletapi.SecurityContextHolderAwareRequestFilter@5b57bd5b, org.springframework.security.web.authentication.AnonymousAuthenticationFilter@44b3d336, org.springframework.security.web.session.SessionManagementFilter@7cf0d34, org.springframework.security.web.access.ExceptionTranslationFilter@1ff06f00, org.springframework.security.web.access.intercept.AuthorizationFilter@6fb68c4]
&amp#27;[2m2026-02-22T02:25:30.756+01:00&amp#27;[0;39m &amp#27;[32m INFO&amp#27;[0;39m &amp#27;[35m55840&amp#27;[0;39m &amp#27;[2m---&amp#27;[0;39m &amp#27;[2m[sportsbook-risk-settlement] [           main]&amp#27;[0;39m &amp#27;[2m&amp#27;[0;39m&amp#27;[36mo.s.s.web.DefaultSecurityFilterChain    &amp#27;[0;39m &amp#27;[2m:&amp#27;[0;39m Will secure Or [Mvc [pattern='/api/**']] with [org.springframework.security.web.session.DisableEncodeUrlFilter@209d4e32, org.springframework.security.web.context.request.async.WebAsyncManagerIntegrationFilter@147ee877, org.springframework.security.web.context.SecurityContextHolderFilter@5d388611, org.springframework.security.web.header.HeaderWriterFilter@412d379c, org.springframework.web.filter.CorsFilter@12619285, org.springframework.security.web.authentication.logout.LogoutFilter@67ba7db3, com.myname.sportsbook.security.JwtAuthFilter@783f5f71, org.springframework.security.web.savedrequest.RequestCacheAwareFilter@6371c6ee, org.springframework.security.web.servletapi.SecurityContextHolderAwareRequestFilter@4bc88ccb, org.springframework.security.web.authentication.AnonymousAuthenticationFilter@1081906a, org.springframework.security.web.session.SessionManagementFilter@5b6dc76c, org.springframework.security.web.access.ExceptionTranslationFilter@3e900cf4, org.springframework.security.web.access.intercept.AuthorizationFilter@5b0ea41]
&amp#27;[2m2026-02-22T02:25:30.767+01:00&amp#27;[0;39m &amp#27;[32m INFO&amp#27;[0;39m &amp#27;[35m55840&amp#27;[0;39m &amp#27;[2m---&amp#27;[0;39m &amp#27;[2m[sportsbook-risk-settlement] [           main]&amp#27;[0;39m &amp#27;[2m&amp#27;[0;39m&amp#27;[36mo.s.s.web.DefaultSecurityFilterChain    &amp#27;[0;39m &amp#27;[2m:&amp#27;[0;39m Will secure Or [Mvc [pattern='/**']] with [org.springframework.security.web.session.DisableEncodeUrlFilter@67b1f69, org.springframework.security.web.context.request.async.WebAsyncManagerIntegrationFilter@4ff10cfa, org.springframework.security.web.context.SecurityContextHolderFilter@6814fe0e, org.springframework.security.web.header.HeaderWriterFilter@5b64bc02, org.springframework.web.filter.CorsFilter@b625b00, org.springframework.security.web.authentication.logout.LogoutFilter@7447b08c, org.springframework.security.web.savedrequest.RequestCacheAwareFilter@7677a485, org.springframework.security.web.servletapi.SecurityContextHolderAwareRequestFilter@88d92e5, org.springframework.security.web.authentication.AnonymousAuthenticationFilter@5e23d0db, org.springframework.security.web.session.SessionManagementFilter@2572d409, org.springframework.security.web.access.ExceptionTranslationFilter@7b6cb223, org.springframework.security.web.access.intercept.AuthorizationFilter@5ba1c6b9]
&amp#27;[2m2026-02-22T02:25:31.966+01:00&amp#27;[0;39m &amp#27;[32m INFO&amp#27;[0;39m &amp#27;[35m55840&amp#27;[0;39m &amp#27;[2m---&amp#27;[0;39m &amp#27;[2m[sportsbook-risk-settlement] [           main]&amp#27;[0;39m &amp#27;[2m&amp#27;[0;39m&amp#27;[36mo.a.c.c.C.[Tomcat].[localhost].[/]      &amp#27;[0;39m &amp#27;[2m:&amp#27;[0;39m Initializing Spring TestDispatcherServlet ''
&amp#27;[2m2026-02-22T02:25:31.966+01:00&amp#27;[0;39m &amp#27;[32m INFO&amp#27;[0;39m &amp#27;[35m55840&amp#27;[0;39m &amp#27;[2m---&amp#27;[0;39m &amp#27;[2m[sportsbook-risk-settlement] [           main]&amp#27;[0;39m &amp#27;[2m&amp#27;[0;39m&amp#27;[36mo.s.t.web.servlet.TestDispatcherServlet &amp#27;[0;39m &amp#27;[2m:&amp#27;[0;39m Initializing Servlet ''
&amp#27;[2m2026-02-22T02:25:31.968+01:00&amp#27;[0;39m &amp#27;[32m INFO&amp#27;[0;39m &amp#27;[35m55840&amp#27;[0;39m &amp#27;[2m---&amp#27;[0;39m &amp#27;[2m[sportsbook-risk-settlement] [           main]&amp#27;[0;39m &amp#27;[2m&amp#27;[0;39m&amp#27;[36mo.s.t.web.servlet.TestDispatcherServlet &amp#27;[0;39m &amp#27;[2m:&amp#27;[0;39m Completed initialization in 0 ms
&amp#27;[2m2026-02-22T02:25:32.509+01:00&amp#27;[0;39m &amp#27;[32m INFO&amp#27;[0;39m &amp#27;[35m55840&amp#27;[0;39m &amp#27;[2m---&amp#27;[0;39m &amp#27;[2m[sportsbook-risk-settlement] [           main]&amp#27;[0;39m &amp#27;[2m&amp#27;[0;39m&amp#27;[36mo.s.b.w.embedded.tomcat.TomcatWebServer &amp#27;[0;39m &amp#27;[2m:&amp#27;[0;39m Tomcat started on port 59403 (http) with context path ''
&amp#27;[2m2026-02-22T02:25:32.569+01:00&amp#27;[0;39m &amp#27;[32m INFO&amp#27;[0;39m &amp#27;[35m55840&amp#27;[0;39m &amp#27;[2m---&amp#27;[0;39m &amp#27;[2m[sportsbook-risk-settlement] [           main]&amp#27;[0;39m &amp#27;[2m&amp#27;[0;39m&amp#27;[36mc.m.s.b.BetPlacementIntegrationTest     &amp#27;[0;39m &amp#27;[2m:&amp#27;[0;39m Started BetPlacementIntegrationTest in 13.876 seconds (process running for 19.277)
&amp#27;[2m2026-02-22T02:25:34.521+01:00&amp#27;[0;39m &amp#27;[32m INFO&amp#27;[0;39m &amp#27;[35m55840&amp#27;[0;39m &amp#27;[2m---&amp#27;[0;39m &amp#27;[2m[sportsbook-risk-settlement] [           main]&amp#27;[0;39m &amp#27;[2m&amp#27;[0;39m&amp#27;[36mc.m.s.ledger.service.LedgerService      &amp#27;[0;39m &amp#27;[2m:&amp#27;[0;39m Ledger debit: customerId=1, amount=100, reference=BET-1
&amp#27;[2m2026-02-22T02:25:34.523+01:00&amp#27;[0;39m &amp#27;[32m INFO&amp#27;[0;39m &amp#27;[35m55840&amp#27;[0;39m &amp#27;[2m---&amp#27;[0;39m &amp#27;[2m[sportsbook-risk-settlement] [           main]&amp#27;[0;39m &amp#27;[2m&amp#27;[0;39m&amp#27;[36mc.m.s.betting.service.BetService        &amp#27;[0;39m &amp#27;[2m:&amp#27;[0;39m Bet placed: betId=1, customerId=1, eventId=evt-1, stake=100, decision=ACCEPT
]]></system-out>
    <system-err><![CDATA[WARNING: A Java agent has been loaded dynamically (/Users/shotaroishii/.m2/repository/net/bytebuddy/byte-buddy-agent/1.14.13/byte-buddy-agent-1.14.13.jar)
WARNING: If a serviceability tool is in use, please run with -XX:+EnableDynamicAgentLoading to hide this warning
WARNING: If a serviceability tool is not in use, please run with -Djdk.instrument.traceUsage for more information
WARNING: Dynamic loading of agents will be disallowed by default in a future release
]]></system-err>
  </testcase>
  <testcase name="placeBet_idempotentReplay_returnsSameResponse" classname="com.myname.sportsbook.betting.BetPlacementIntegrationTest" time="0.126">
    <system-out><![CDATA[&amp#27;[2m2026-02-22T02:25:34.708+01:00&amp#27;[0;39m &amp#27;[32m INFO&amp#27;[0;39m &amp#27;[35m55840&amp#27;[0;39m &amp#27;[2m---&amp#27;[0;39m &amp#27;[2m[sportsbook-risk-settlement] [           main]&amp#27;[0;39m &amp#27;[2m&amp#27;[0;39m&amp#27;[36mc.m.s.ledger.service.LedgerService      &amp#27;[0;39m &amp#27;[2m:&amp#27;[0;39m Ledger debit: customerId=1, amount=50, reference=BET-2
&amp#27;[2m2026-02-22T02:25:34.708+01:00&amp#27;[0;39m &amp#27;[32m INFO&amp#27;[0;39m &amp#27;[35m55840&amp#27;[0;39m &amp#27;[2m---&amp#27;[0;39m &amp#27;[2m[sportsbook-risk-settlement] [           main]&amp#27;[0;39m &amp#27;[2m&amp#27;[0;39m&amp#27;[36mc.m.s.betting.service.BetService        &amp#27;[0;39m &amp#27;[2m:&amp#27;[0;39m Bet placed: betId=2, customerId=1, eventId=evt-2, stake=50, decision=ACCEPT
]]></system-out>
  </testcase>
</testsuite>