<?xml version="1.0" encoding="UTF-8"?>
<testsuite xmlns:xsi="http://www.w3.org/2001/XMLSchema-instance" xsi:noNamespaceSchemaLocation="https://maven.apache.org/surefire/maven-surefire-plugin/xsd/surefire-test-report-3.0.xsd" version="3.0" name="com.shotaroi.sportsbook.betting.BetPlacementIntegrationTest" time="25.641" tests="2" errors="0" skipped="0" failures="0">
  <properties>
[...]
</properties>
  <testcase name="placeBet_success" classname="com.shotaroi.sportsbook.betting.BetPlacementIntegrationTest" time="1.655">
    <system-out><![CDATA[02:40:13.061 [main] INFO org.springframework.test.context.support.AnnotationConfigContextLoaderUtils -- Could not detect default configuration classes for test class [com.shotaroi.sportsbook.betting.BetPlacementIntegrationTest]: BetPlacementIntegrationTest does not declare any static, non-private, non-final, nested classes annotated with @Configuration.
02:40:13.585 [main] INFO org.springframework.boot.test.context.SpringBootTestContextBootstrapper -- Found @SpringBootConfiguration com.shotaroi.sportsbook.SportsbookApplication for test class com.shotaroi.sportsbook.betting.BetPlacementIntegrationTest
02:40:14.045 [main] INFO org.testcontainers.images.PullPolicy -- Image pull policy will be performed by: DefaultPullPolicy()
02:40:14.049 [main] INFO org.testcontainers.utility.ImageNameSubstitutor -- Image name substitution will be performed by: DefaultImageNameSubstitutor (composite of 'ConfigurationFileImageNameSubstitutor' and 'PrefixingImageNameSubstitutor')
02:40:15.888 [main] INFO org.testcontainers.dockerclient.DockerClientProviderStrategy -- Found Docker environment with Docker accessed via Unix socket (/Users/shotaroishii/.docker/run/docker.sock)
02:40:15.891 [main] INFO org.testcontainers.DockerClientFactory -- Docker host IP address is localhost
02:40:15.967 [main] INFO org.testcontainers.DockerClientFactory -- Connected to docker: 
  Server Version: 28.5.1
  API Version: 1.51
  Operating System: Docker Desktop
  Total Memory: 7837 MB
02:40:16.044 [main] INFO tc.testcontainers/ryuk:0.6.0 -- Creating container for image: testcontainers/ryuk:0.6.0
02:40:16.444 [main] INFO org.testcontainers.utility.RegistryAuthLocator -- Credential helper/store (docker-credential-desktop) does not have credentials for https://index.docker.io/v1/
02:40:16.957 [main] INFO tc.testcontainers/ryuk:0.6.0 -- Container testcontainers/ryuk:0.6.0 is starting: e9e417cdae51430f4e1b6e29602cb0244faf8a4f55177120236d7465f71764b2
02:40:18.422 [main] INFO tc.testcontainers/ryuk:0.6.0 -- Container testcontainers/ryuk:0.6.0 started in PT2.377584S
02:40:18.447 [main] INFO org.testcontainers.utility.RyukResourceReaper -- Ryuk started - will monitor and terminate Testcontainers containers on JVM exit
02:40:18.447 [main] INFO org.testcontainers.DockerClientFactory -- Checking the system...
02:40:18.448 [main] INFO org.testcontainers.DockerClientFactory -- ✔︎ Docker server version should be at least 1.6.0
02:40:18.451 [main] INFO tc.postgres:16-alpine -- Creating container for image: postgres:16-alpine
02:40:18.537 [main] INFO tc.postgres:16-alpine -- Container postgres:16-alpine is starting: 8d79b8b0848568f26f43ce7fca06c9b8bfc347c0697b9fec5dd909f52d8c2af5
02:40:20.470 [main] INFO tc.postgres:16-alpine -- Container postgres:16-alpine started in PT2.018027S
02:40:20.478 [main] INFO tc.postgres:16-alpine -- Container is started (JDBC URL: jdbc:postgresql://localhost:63763/sportsbook?loggerLevel=OFF)

  .   ____          _            __ _ _
 /\\ / ___'_ __ _ _(_)_ __  __ _ \ \ \ \
( ( )\___ | '_ | '_| | '_ \/ _` | \ \ \ \
 \\/  ___)| |_)| | | | | || (_| |  ) ) ) )
  '  |____| .__|_| |_|_| |_\__, | / / / /
 =========|_|==============|___/=/_/_/_/
&amp#27;[32m :: Spring Boot :: &amp#27;[39m              &amp#27;[2m (v3.2.5)&amp#27;[0;39m

&amp#27;[2m2026-02-22T02:40:21.633+01:00&amp#27;[0;39m &amp#27;[32m INFO&amp#27;[0;39m &amp#27;[35m58234&amp#27;[0;39m &amp#27;[2m---&amp#27;[0;39m &amp#27;[2m[sportsbook-risk-settlement] [           main]&amp#27;[0;39m &amp#27;[2m&amp#27;[0;39m&amp#27;[36mc.s.s.b.BetPlacementIntegrationTest     &amp#27;[0;39m &amp#27;[2m:&amp#27;[0;39m Starting BetPlacementIntegrationTest using Java 24.0.1 with PID 58234 (started by shotaroishii in /Users/shotaroishii/Documents/GitHub/Sportsbook-Risk-And-Settlement-Platform)
&amp#27;[2m2026-02-22T02:40:21.636+01:00&amp#27;[0;39m &amp#27;[32m INFO&amp#27;[0;39m &amp#27;[35m58234&amp#27;[0;39m &amp#27;[2m---&amp#27;[0;39m &amp#27;[2m[sportsbook-risk-settlement] [           main]&amp#27;[0;39m &amp#27;[2m&amp#27;[0;39m&amp#27;[36mc.s.s.b.BetPlacementIntegrationTest     &amp#27;[0;39m &amp#27;[2m:&amp#27;[0;39m The following 1 profile is active: "test"
&amp#27;[2m2026-02-22T02:40:24.797+01:00&amp#27;[0;39m &amp#27;[32m INFO&amp#27;[0;39m &amp#27;[35m58234&amp#27;[0;39m &amp#27;[2m---&amp#27;[0;39m &amp#27;[2m[sportsbook-risk-settlement] [           main]&amp#27;[0;39m &amp#27;[2m&amp#27;[0;39m&amp#27;[36m.s.d.r.c.RepositoryConfigurationDelegate&amp#27;[0;39m &amp#27;[2m:&amp#27;[0;39m Bootstrapping Spring Data JPA repositories in DEFAULT mode.
&amp#27;[2m2026-02-22T02:40:24.988+01:00&amp#27;[0;39m &amp#27;[32m INFO&amp#27;[0;39m &amp#27;[35m58234&amp#27;[0;39m &amp#27;[2m---&amp#27;[0;39m &amp#27;[2m[sportsbook-risk-settlement] [           main]&amp#27;[0;39m &amp#27;[2m&amp#27;[0;39m&amp#27;[36m.s.d.r.c.RepositoryConfigurationDelegate&amp#27;[0;39m &amp#27;[2m:&amp#27;[0;39m Finished Spring Data repository scanning in 180 ms. Found 8 JPA repository interfaces.
&amp#27;[2m2026-02-22T02:40:26.931+01:00&amp#27;[0;39m &amp#27;[32m INFO&amp#27;[0;39m &amp#27;[35m58234&amp#27;[0;39m &amp#27;[2m---&amp#27;[0;39m &amp#27;[2m[sportsbook-risk-settlement] [           main]&amp#27;[0;39m &amp#27;[2m&amp#27;[0;39m&amp#27;[36mo.s.b.w.embedded.tomcat.TomcatWebServer &amp#27;[0;39m &amp#27;[2m:&amp#27;[0;39m Tomcat initialized with port 0 (http)
&amp#27;[2m2026-02-22T02:40:26.947+01:00&amp#27;[0;39m &amp#27;[32m INFO&amp#27;[0;39m &amp#27;[35m58234&amp#27;[0;39m &amp#27;[2m---&amp#27;[0;39m &amp#27;[2m[sportsbook-risk-settlement] [           main]&amp#27;[0;39m &amp#27;[2m&amp#27;[0;39m&amp#27;[36mo.apache.catalina.core.StandardService  &amp#27;[0;39m &amp#27;[2m:&amp#27;[0;39m Starting service [Tomcat]
&amp#27;[2m2026-02-22T02:40:26.948+01:00&amp#27;[0;39m &amp#27;[32m INFO&amp#27;[0;39m &amp#27;[35m58234&amp#27;[0;39m &amp#27;[2m---&amp#27;[0;39m &amp#27;[2m[sportsbook-risk-settlement] [           main]&amp#27;[0;39m &amp#27;[2m&amp#27;[0;39m&amp#27;[36mo.apache.catalina.core.StandardEngine   &amp#27;[0;39m &amp#27;[2m:&amp#27;[0;39m Starting Servlet engine: [Apache Tomcat/10.1.20]
&amp#27;[2m2026-02-22T02:40:27.056+01:00&amp#27;[0;39m &amp#27;[32m INFO&amp#27;[0;39m &amp#27;[35m58234&amp#27;[0;39m &amp#27;[2m---&amp#27;[0;39m &amp#27;[2m[sportsbook-risk-settlement] [           main]&amp#27;[0;39m &amp#27;[2m&amp#27;[0;39m&amp#27;[36mo.a.c.c.C.[Tomcat].[localhost].[/]      &amp#27;[0;39m &amp#27;[2m:&amp#27;[0;39m Initializing Spring embedded WebApplicationContext
&amp#27;[2m2026-02-22T02:40:27.058+01:00&amp#27;[0;39m &amp#27;[32m INFO&amp#27;[0;39m &amp#27;[35m58234&amp#27;[0;39m &amp#27;[2m---&amp#27;[0;39m &amp#27;[2m[sportsbook-risk-settlement] [           main]&amp#27;[0;39m &amp#27;[2m&amp#27;[0;39m&amp#27;[36mw.s.c.ServletWebServerApplicationContext&amp#27;[0;39m &amp#27;[2m:&amp#27;[0;39m Root WebApplicationContext: initialization completed in 5383 ms
&amp#27;[2m2026-02-22T02:40:27.699+01:00&amp#27;[0;39m &amp#27;[32m INFO&amp#27;[0;39m &amp#27;[35m58234&amp#27;[0;39m &amp#27;[2m---&amp#27;[0;39m &amp#27;[2m[sportsbook-risk-settlement] [           main]&amp#27;[0;39m &amp#27;[2m&amp#27;[0;39m&amp#27;[36mcom.zaxxer.hikari.HikariDataSource      &amp#27;[0;39m &amp#27;[2m:&amp#27;[0;39m HikariPool-1 - Starting...
&amp#27;[2m2026-02-22T02:40:27.947+01:00&amp#27;[0;39m &amp#27;[32m INFO&amp#27;[0;39m &amp#27;[35m58234&amp#27;[0;39m &amp#27;[2m---&amp#27;[0;39m &amp#27;[2m[sportsbook-risk-settlement] [           main]&amp#27;[0;39m &amp#27;[2m&amp#27;[0;39m&amp#27;[36mcom.zaxxer.hikari.pool.HikariPool       &amp#27;[0;39m &amp#27;[2m:&amp#27;[0;39m HikariPool-1 - Added connection org.postgresql.jdbc.PgConnection@57a0c261
&amp#27;[2m2026-02-22T02:40:27.949+01:00&amp#27;[0;39m &amp#27;[32m INFO&amp#27;[0;39m &amp#27;[35m58234&amp#27;[0;39m &amp#27;[2m---&amp#27;[0;39m &amp#27;[2m[sportsbook-risk-settlement] [           main]&amp#27;[0;39m &amp#27;[2m&amp#27;[0;39m&amp#27;[36mcom.zaxxer.hikari.HikariDataSource      &amp#27;[0;39m &amp#27;[2m:&amp#27;[0;39m HikariPool-1 - Start completed.
&amp#27;[2m2026-02-22T02:40:28.087+01:00&amp#27;[0;39m &amp#27;[32m INFO&amp#27;[0;39m &amp#27;[35m58234&amp#27;[0;39m &amp#27;[2m---&amp#27;[0;39m &amp#27;[2m[sportsbook-risk-settlement] [           main]&amp#27;[0;39m &amp#27;[2m&amp#27;[0;39m&amp#27;[36mo.f.c.internal.license.VersionPrinter   &amp#27;[0;39m &amp#27;[2m:&amp#27;[0;39m Flyway Community Edition 9.22.3 by Redgate
&amp#27;[2m2026-02-22T02:40:28.088+01:00&amp#27;[0;39m &amp#27;[32m INFO&amp#27;[0;39m &amp#27;[35m58234&amp#27;[0;39m &amp#27;[2m---&amp#27;[0;39m &amp#27;[2m[sportsbook-risk-settlement] [           main]&amp#27;[0;39m &amp#27;[2m&amp#27;[0;39m&amp#27;[36mo.f.c.internal.license.VersionPrinter   &amp#27;[0;39m &amp#27;[2m:&amp#27;[0;39m See release notes here: https://rd.gt/416ObMi
&amp#27;[2m2026-02-22T02:40:28.088+01:00&amp#27;[0;39m &amp#27;[32m INFO&amp#27;[0;39m &amp#27;[35m58234&amp#27;[0;39m &amp#27;[2m---&amp#27;[0;39m &amp#27;[2m[sportsbook-risk-settlement] [           main]&amp#27;[0;39m &amp#27;[2m&amp#27;[0;39m&amp#27;[36mo.f.c.internal.license.VersionPrinter   &amp#27;[0;39m &amp#27;[2m:&amp#27;[0;39m 
&amp#27;[2m2026-02-22T02:40:28.109+01:00&amp#27;[0;39m &amp#27;[32m INFO&amp#27;[0;39m &amp#27;[35m58234&amp#27;[0;39m &amp#27;[2m---&amp#27;[0;39m &amp#27;[2m[sportsbook-risk-settlement] [           main]&amp#27;[0;39m &amp#27;[2m&amp#27;[0;39m&amp#27;[36morg.flywaydb.core.FlywayExecutor        &amp#27;[0;39m &amp#27;[2m:&amp#27;[0;39m Database: jdbc:postgresql://localhost:63763/sportsbook (PostgreSQL 16.11)
&amp#27;[2m2026-02-22T02:40:28.121+01:00&amp#27;[0;39m &amp#27;[33m WARN&amp#27;[0;39m &amp#27;[35m58234&amp#27;[0;39m &amp#27;[2m---&amp#27;[0;39m &amp#27;[2m[sportsbook-risk-settlement] [           main]&amp#27;[0;39m &amp#27;[2m&amp#27;[0;39m&amp#27;[36mo.f.c.internal.database.base.Database   &amp#27;[0;39m &amp#27;[2m:&amp#27;[0;39m Flyway upgrade recommended: PostgreSQL 16.11 is newer than this version of Flyway and support has not been tested. The latest supported version of PostgreSQL is 15.
&amp#27;[2m2026-02-22T02:40:28.157+01:00&amp#27;[0;39m &amp#27;[32m INFO&amp#27;[0;39m &amp#27;[35m58234&amp#27;[0;39m &amp#27;[2m---&amp#27;[0;39m &amp#27;[2m[sportsbook-risk-settlement] [           main]&amp#27;[0;39m &amp#27;[2m&amp#27;[0;39m&amp#27;[36mo.f.c.i.s.JdbcTableSchemaHistory        &amp#27;[0;39m &amp#27;[2m:&amp#27;[0;39m Schema history table "public"."flyway_schema_history" does not exist yet
&amp#27;[2m2026-02-22T02:40:28.161+01:00&amp#27;[0;39m &amp#27;[32m INFO&amp#27;[0;39m &amp#27;[35m58234&amp#27;[0;39m &amp#27;[2m---&amp#27;[0;39m &amp#27;[2m[sportsbook-risk-settlement] [           main]&amp#27;[0;39m &amp#27;[2m&amp#27;[0;39m&amp#27;[36mo.f.core.internal.command.DbValidate    &amp#27;[0;39m &amp#27;[2m:&amp#27;[0;39m Successfully validated 2 migrations (execution time 00:00.024s)
&amp#27;[2m2026-02-22T02:40:28.180+01:00&amp#27;[0;39m &amp#27;[32m INFO&amp#27;[0;39m &amp#27;[35m58234&amp#27;[0;39m &amp#27;[2m---&amp#27;[0;39m &amp#27;[2m[sportsbook-risk-settlement] [           main]&amp#27;[0;39m &amp#27;[2m&amp#27;[0;39m&amp#27;[36mo.f.c.i.s.JdbcTableSchemaHistory        &amp#27;[0;39m &amp#27;[2m:&amp#27;[0;39m Creating Schema History table "public"."flyway_schema_history" ...
&amp#27;[2m2026-02-22T02:40:28.251+01:00&amp#27;[0;39m &amp#27;[32m INFO&amp#27;[0;39m &amp#27;[35m58234&amp#27;[0;39m &amp#27;[2m---&amp#27;[0;39m &amp#27;[2m[sportsbook-risk-settlement] [           main]&amp#27;[0;39m &amp#27;[2m&amp#27;[0;39m&amp#27;[36mo.f.core.internal.command.DbMigrate     &amp#27;[0;39m &amp#27;[2m:&amp#27;[0;39m Current version of schema "public": << Empty Schema >>
&amp#27;[2m2026-02-22T02:40:28.302+01:00&amp#27;[0;39m &amp#27;[32m INFO&amp#27;[0;39m &amp#27;[35m58234&amp#27;[0;39m &amp#27;[2m---&amp#27;[0;39m &amp#27;[2m[sportsbook-risk-settlement] [           main]&amp#27;[0;39m &amp#27;[2m&amp#27;[0;39m&amp#27;[36mo.f.core.internal.command.DbMigrate     &amp#27;[0;39m &amp#27;[2m:&amp#27;[0;39m Migrating schema "public" to version "1 - initial schema"
&amp#27;[2m2026-02-22T02:40:28.363+01:00&amp#27;[0;39m &amp#27;[32m INFO&amp#27;[0;39m &amp#27;[35m58234&amp#27;[0;39m &amp#27;[2m---&amp#27;[0;39m &amp#27;[2m[sportsbook-risk-settlement] [           main]&amp#27;[0;39m &amp#27;[2m&amp#27;[0;39m&amp#27;[36mo.f.core.internal.command.DbMigrate     &amp#27;[0;39m &amp#27;[2m:&amp#27;[0;39m Migrating schema "public" to version "2 - seed data"
&amp#27;[2m2026-02-22T02:40:28.382+01:00&amp#27;[0;39m &amp#27;[32m INFO&amp#27;[0;39m &amp#27;[35m58234&amp#27;[0;39m &amp#27;[2m---&amp#27;[0;39m &amp#27;[2m[sportsbook-risk-settlement] [           main]&amp#27;[0;39m &amp#27;[2m&amp#27;[0;39m&amp#27;[36mo.f.core.internal.command.DbMigrate     &amp#27;[0;39m &amp#27;[2m:&amp#27;[0;39m Successfully applied 2 migrations to schema "public", now at version v2 (execution time 00:00.052s)
&amp#27;[2m2026-02-22T02:40:28.610+01:00&amp#27;[0;39m &amp#27;[32m INFO&amp#27;[0;39m &amp#27;[35m58234&amp#27;[0;39m &amp#27;[2m---&amp#27;[0;39m &amp#27;[2m[sportsbook-risk-settlement] [           main]&amp#27;[0;39m &amp#27;[2m&amp#27;[0;39m&amp#27;[36mo.hibernate.jpa.internal.util.LogHelper &amp#27;[0;39m &amp#27;[2m:&amp#27;[0;39m HHH000204: Processing PersistenceUnitInfo [name: default]
&amp#27;[2m2026-02-22T02:40:28.672+01:00&amp#27;[0;39m &amp#27;[32m INFO&amp#27;[0;39m &amp#27;[35m58234&amp#27;[0;39m &amp#27;[2m---&amp#27;[0;39m &amp#27;[2m[sportsbook-risk-settlement] [           main]&amp#27;[0;39m &amp#27;[2m&amp#27;[0;39m&amp#27;[36morg.hibernate.Version                   &amp#27;[0;39m &amp#27;[2m:&amp#27;[0;39m HHH000412: Hibernate ORM core version 6.4.4.Final
&amp#27;[2m2026-02-22T02:40:28.705+01:00&amp#27;[0;39m &amp#27;[32m INFO&amp#27;[0;39m &amp#27;[35m58234&amp#27;[0;39m &amp#27;[2m---&amp#27;[0;39m &amp#27;[2m[sportsbook-risk-settlement] [           main]&amp#27;[0;39m &amp#27;[2m&amp#27;[0;39m&amp#27;[36mo.h.c.internal.RegionFactoryInitiator   &amp#27;[0;39m &amp#27;[2m:&amp#27;[0;39m HHH000026: Second-level cache disabled
&amp#27;[2m2026-02-22T02:40:29.290+01:00&amp#27;[0;39m &amp#27;[32m INFO&amp#27;[0;39m &amp#27;[35m58234&amp#27;[0;39m &amp#27;[2m---&amp#27;[0;39m &amp#27;[2m[sportsbook-risk-settlement] [           main]&amp#27;[0;39m &amp#27;[2m&amp#27;[0;39m&amp#27;[36mo.s.o.j.p.SpringPersistenceUnitInfo     &amp#27;[0;39m &amp#27;[2m:&amp#27;[0;39m No LoadTimeWeaver setup: ignoring JPA class transformer
&amp#27;[2m2026-02-22T02:40:30.760+01:00&amp#27;[0;39m &amp#27;[32m INFO&amp#27;[0;39m &amp#27;[35m58234&amp#27;[0;39m &amp#27;[2m---&amp#27;[0;39m &amp#27;[2m[sportsbook-risk-settlement] [           main]&amp#27;[0;39m &amp#27;[2m&amp#27;[0;39m&amp#27;[36mo.h.e.t.j.p.i.JtaPlatformInitiator      &amp#27;[0;39m &amp#27;[2m:&amp#27;[0;39m HHH000489: No JTA platform available (set 'hibernate.transaction.jta.platform' to enable JTA platform integration)
&amp#27;[2m2026-02-22T02:40:30.814+01:00&amp#27;[0;39m &amp#27;[32m INFO&amp#27;[0;39m &amp#27;[35m58234&amp#27;[0;39m &amp#27;[2m---&amp#27;[0;39m &amp#27;[2m[sportsbook-risk-settlement] [           main]&amp#27;[0;39m &amp#27;[2m&amp#27;[0;39m&amp#27;[36mj.LocalContainerEntityManagerFactoryBean&amp#27;[0;39m &amp#27;[2m:&amp#27;[0;39m Initialized JPA EntityManagerFactory for persistence unit 'default'
&amp#27;[2m2026-02-22T02:40:31.641+01:00&amp#27;[0;39m &amp#27;[32m INFO&amp#27;[0;39m &amp#27;[35m58234&amp#27;[0;39m &amp#27;[2m---&amp#27;[0;39m &amp#27;[2m[sportsbook-risk-settlement] [           main]&amp#27;[0;39m &amp#27;[2m&amp#27;[0;39m&amp#27;[36mo.s.d.j.r.query.QueryEnhancerFactory    &amp#27;[0;39m &amp#27;[2m:&amp#27;[0;39m Hibernate is in classpath; If applicable, HQL parser will be used.
&amp#27;[2m2026-02-22T02:40:34.611+01:00&amp#27;[0;39m &amp#27;[32m INFO&amp#27;[0;39m &amp#27;[35m58234&amp#27;[0;39m &amp#27;[2m---&amp#27;[0;39m &amp#27;[2m[sportsbook-risk-settlement] [           main]&amp#27;[0;39m &amp#27;[2m&amp#27;[0;39m&amp#27;[36mo.s.b.a.e.web.EndpointLinksResolver     &amp#27;[0;39m &amp#27;[2m:&amp#27;[0;39m Exposing 2 endpoint(s) beneath base path '/actuator'
&amp#27;[2m2026-02-22T02:40:34.753+01:00&amp#27;[0;39m &amp#27;[32m INFO&amp#27;[0;39m &amp#27;[35m58234&amp#27;[0;39m &amp#27;[2m---&amp#27;[0;39m &amp#27;[2m[sportsbook-risk-settlement] [           main]&amp#27;[0;39m &amp#27;[2m&amp#27;[0;39m&amp#27;[36mo.s.s.web.DefaultSecurityFilterChain    &amp#27;[0;39m &amp#27;[2m:&amp#27;[0;39m Will secure Or [Mvc [pattern='/admin/**']] with [org.springframework.security.web.session.DisableEncodeUrlFilter@10087ad5, org.springframework.security.web.context.request.async.WebAsyncManagerIntegrationFilter@3c79c7fa, org.springframework.security.web.context.SecurityContextHolderFilter@e2d12b8, org.springframework.security.web.header.HeaderWriterFilter@7e3559b4, org.springframework.web.filter.CorsFilter@2b3d662e, org.springframework.security.web.authentication.logout.LogoutFilter@408ad61a, org.springframework.security.web.authentication.www.BasicAuthenticationFilter@92fe6e5, org.springframework.security.web.savedrequest.RequestCacheAwareFilter@d5ef7c0, org.springframework.security.web.servletapi.SecurityContextHolderAwareRequestFilter@7d5505a9, org.springframework.security.web.authentication.AnonymousAuthenticationFilter@7889b4cb, org.springframework.security.web.session.SessionManagementFilter@56ed77b1, org.springframework.security.web.access.ExceptionTranslationFilter@18ca3125, org.springframework.security.web.access.intercept.AuthorizationFilter@15cd990c]
&amp#27;[2m2026-02-22T02:40:34.766+01:00&amp#27;[0;39m &amp#27;[32m INFO&amp#27;[0;39m &amp#27;[35m58234&amp#27;[0;39m &amp#27;[2m---&amp#27;[0;39m &amp#27;[2m[sportsbook-risk-settlement] [           main]&amp#27;[0;39m &amp#27;[2m&amp#27;[0;39m&amp#27;[36mo.s.s.web.DefaultSecurityFilterChain    &amp#27;[0;39m &amp#27;[2m:&amp#27;[0;39m Will secure Or [Mvc [pattern='/api/**']] with [org.springframework.security.web.session.DisableEncodeUrlFilter@7930de44, org.springframework.security.web.context.request.async.WebAsyncManagerIntegrationFilter@52891a77, org.springframework.security.web.context.SecurityContextHolderFilter@4ad23216, org.springframework.security.web.header.HeaderWriterFilter@12ce5274, org.springframework.web.filter.CorsFilter@785fd189, org.springframework.security.web.authentication.logout.LogoutFilter@4a5c29dc, com.shotaroi.sportsbook.security.JwtAuthFilter@178c6261, org.springframework.security.web.savedrequest.RequestCacheAwareFilter@4caca1, org.springframework.security.web.servletapi.SecurityContextHolderAwareRequestFilter@6071132e, org.springframework.security.web.authentication.AnonymousAuthenticationFilter@3e900cf4, org.springframework.security.web.session.SessionManagementFilter@8e2961, org.springframework.security.web.access.ExceptionTranslationFilter@7c9a3be, org.springframework.security.web.access.intercept.AuthorizationFilter@4710332d]
&amp#27;[2m2026-02-22T02:40:34.777+01:00&amp#27;[0;39m &amp#27;[32m INFO&amp#27;[0;39m &amp#27;[35m58234&amp#27;[0;39m &amp#27;[2m---&amp#27;[0;39m &amp#27;[2m[sportsbook-risk-settlement] [           main]&amp#27;[0;39m &amp#27;[2m&amp#27;[0;39m&amp#27;[36mo.s.s.web.DefaultSecurityFilterChain    &amp#27;[0;39m &amp#27;[2m:&amp#27;[0;39m Will secure Or [Mvc [pattern='/**']] with [org.springframework.security.web.session.DisableEncodeUrlFilter@182711f5, org.springframework.security.web.context.request.async.WebAsyncManagerIntegrationFilter@41b7ebec, org.springframework.security.web.context.SecurityContextHolderFilter@1081906a, org.springframework.security.web.header.HeaderWriterFilter@147ee877, org.springframework.web.filter.CorsFilter@5e02753c, org.springframework.security.web.authentication.logout.LogoutFilter@3b0c48bd, org.springframework.security.web.savedrequest.RequestCacheAwareFilter@5a27a096, org.springframework.security.web.servletapi.SecurityContextHolderAwareRequestFilter@39f9c6f5, org.springframework.security.web.authentication.AnonymousAuthenticationFilter@7b6cb223, org.springframework.security.web.session.SessionManagementFilter@12619285, org.springframework.security.web.access.ExceptionTranslationFilter@209d4e32, org.springframework.security.web.access.intercept.AuthorizationFilter@2bf1d748]
&amp#27;[2m2026-02-22T02:40:35.766+01:00&amp#27;[0;39m &amp#27;[32m INFO&amp#27;[0;39m &amp#27;[35m58234&amp#27;[0;39m &amp#27;[2m---&amp#27;[0;39m &amp#27;[2m[sportsbook-risk-settlement] [           main]&amp#27;[0;39m &amp#27;[2m&amp#27;[0;39m&amp#27;[36mo.a.c.c.C.[Tomcat].[localhost].[/]      &amp#27;[0;39m &amp#27;[2m:&amp#27;[0;39m Initializing Spring TestDispatcherServlet ''
&amp#27;[2m2026-02-22T02:40:35.767+01:00&amp#27;[0;39m &amp#27;[32m INFO&amp#27;[0;39m &amp#27;[35m58234&amp#27;[0;39m &amp#27;[2m---&amp#27;[0;39m &amp#27;[2m[sportsbook-risk-settlement] [           main]&amp#27;[0;39m &amp#27;[2m&amp#27;[0;39m&amp#27;[36mo.s.t.web.servlet.TestDispatcherServlet &amp#27;[0;39m &amp#27;[2m:&amp#27;[0;39m Initializing Servlet ''
&amp#27;[2m2026-02-22T02:40:35.768+01:00&amp#27;[0;39m &amp#27;[32m INFO&amp#27;[0;39m &amp#27;[35m58234&amp#27;[0;39m &amp#27;[2m---&amp#27;[0;39m &amp#27;[2m[sportsbook-risk-settlement] [           main]&amp#27;[0;39m &amp#27;[2m&amp#27;[0;39m&amp#27;[36mo.s.t.web.servlet.TestDispatcherServlet &amp#27;[0;39m &amp#27;[2m:&amp#27;[0;39m Completed initialization in 1 ms
&amp#27;[2m2026-02-22T02:40:35.909+01:00&amp#27;[0;39m &amp#27;[32m INFO&amp#27;[0;39m &amp#27;[35m58234&amp#27;[0;39m &amp#27;[2m---&amp#27;[0;39m &amp#27;[2m[sportsbook-risk-settlement] [           main]&amp#27;[0;39m &amp#27;[2m&amp#27;[0;39m&amp#27;[36mo.s.b.w.embedded.tomcat.TomcatWebServer &amp#27;[0;39m &amp#27;[2m:&amp#27;[0;39m Tomcat started on port 63863 (http) with context path ''
&amp#27;[2m2026-02-22T02:40:35.937+01:00&amp#27;[0;39m &amp#27;[32m INFO&amp#27;[0;39m &amp#27;[35m58234&amp#27;[0;39m &amp#27;[2m---&amp#27;[0;39m &amp#27;[2m[sportsbook-risk-settlement] [           main]&amp#27;[0;39m &amp#27;[2m&amp#27;[0;39m&amp#27;[36mc.s.s.b.BetPlacementIntegrationTest     &amp#27;[0;39m &amp#27;[2m:&amp#27;[0;39m Started BetPlacementIntegrationTest in 15.315 seconds (process running for 25.113)
&amp#27;[2m2026-02-22T02:40:37.686+01:00&amp#27;[0;39m &amp#27;[32m INFO&amp#27;[0;39m &amp#27;[35m58234&amp#27;[0;39m &amp#27;[2m---&amp#27;[0;39m &amp#27;[2m[sportsbook-risk-settlement] [           main]&amp#27;[0;39m &amp#27;[2m&amp#27;[0;39m&amp#27;[36mc.s.s.ledger.service.LedgerService      &amp#27;[0;39m &amp#27;[2m:&amp#27;[0;39m Ledger debit: customerId=1, amount=100, reference=BET-1
&amp#27;[2m2026-02-22T02:40:37.688+01:00&amp#27;[0;39m &amp#27;[32m INFO&amp#27;[0;39m &amp#27;[35m58234&amp#27;[0;39m &amp#27;[2m---&amp#27;[0;39m &amp#27;[2m[sportsbook-risk-settlement] [           main]&amp#27;[0;39m &amp#27;[2m&amp#27;[0;39m&amp#27;[36mc.s.s.betting.service.BetService        &amp#27;[0;39m &amp#27;[2m:&amp#27;[0;39m Bet placed: betId=1, customerId=1, eventId=evt-1, stake=100, decision=ACCEPT
]]></system-out>
    <system-err><![CDATA[WARNING: A Java agent has been loaded dynamically (/Users/shotaroishii/.m2/repository/net/bytebuddy/byte-buddy-agent/1.14.13/byte-buddy-agent-1.14.13.jar)
WARNING: If a serviceability tool is in use, please run with -XX:+EnableDynamicAgentLoading to hide this warning
WARNING: If a serviceability tool is not in use, please run with -Djdk.instrument.traceUsage for more information
WARNING: Dynamic loading of agents will be disallowed by default in a future release
]]></system-err>
  </testcase>
  <testcase name="placeBet_idempotentReplay_returnsSameResponse" classname="com.shotaroi.sportsbook.betting.BetPlacementIntegrationTest" time="0.143">
    <system-out><![CDATA[&amp#27;[2m2026-02-22T02:40:37.890+01:00&amp#27;[0;39m &amp#27;[32m INFO&amp#27;[0;39m &amp#27;[35m58234&amp#27;[0;39m &amp#27;[2m---&amp#27;[0;39m &amp#27;[2m[sportsbook-risk-settlement] [           main]&amp#27;[0;39m &amp#27;[2m&amp#27;[0;39m&amp#27;[36mc.s.s.ledger.service.LedgerService      &amp#27;[0;39m &amp#27;[2m:&amp#27;[0;39m Ledger debit: customerId=1, amount=50, reference=BET-2
&amp#27;[2m2026-02-22T02:40:37.890+01:00&amp#27;[0;39m &amp#27;[32m INFO&amp#27;[0;39m &amp#27;[35m58234&amp#27;[0;39m &amp#27;[2m---&amp#27;[0;39m &amp#27;[2m[sportsbook-risk-settlement] [           main]&amp#27;[0;39m &amp#27;[2m&amp#27;[0;39m&amp#27;[36mc.s.s.betting.service.BetService        &amp#27;[0;39m &amp#27;[2m:&amp#27;[0;39m Bet placed: betId=2, customerId=1, eventId=evt-2, stake=50, decision=ACCEPT
]]></system-out>
  </testcase>
</testsuite>